<?xml version="1.0" encoding="UTF-8"?>
<!-- Generated by org.testng.reporters.JUnitXMLReporter -->
<testsuite ignored="0" hostname="DESKTOP-RHIG6R02" failures="0" tests="5" name="LumaTest" time="47.262" errors="0" timestamp="2023-11-20T18:07:59 IST">
  <testcase classname="com.luma.testcase.HomPageTest" name="validateTitle" time="3.038"/>
  <testcase classname="com.luma.testcase.HomPageTest" name="validateLogo" time="0.095"/>
  <testcase classname="com.luma.testcase.HomPageTest" name="shopYoga" time="2.789"/>
  <testcase classname="com.luma.testcase.ShopYogaTest" name="sortValidation" time="3.052"/>
  <testcase classname="com.luma.testcase.ShopYogaTest" name="changeSorting" time="11.564"/>
</testsuite> <!-- LumaTest -->
